<?xml version="1.0" encoding="UTF-8"?>
<testng-results skipped="0" failed="0" ignored="0" total="1" passed="1">
  <reporter-output>
  </reporter-output>
  <suite name="Default suite" duration-ms="17088" started-at="2019-01-07T05:00:30Z" finished-at="2019-01-07T05:00:47Z">
    <groups>
    </groups>
    <test name="Default test" duration-ms="17088" started-at="2019-01-07T05:00:30Z" finished-at="2019-01-07T05:00:47Z">
      <class name="webtest.test_register">
        <test-method status="PASS" signature="test()[pri:0, instance:webtest.test_register@28d25987]" name="test" duration-ms="17036" started-at="2019-01-07T05:00:30Z" finished-at="2019-01-07T05:00:47Z">
          <reporter-output>
          </reporter-output>
        </test-method> <!-- test -->
      </class> <!-- webtest.test_register -->
    </test> <!-- Default test -->
  </suite> <!-- Default suite -->
</testng-results>
